app/build/intermediates/manifest_merge_blame_file/debug/processDebugMainManifest/manifest-merger-blame-debug-report.txt
1<?xml version="1.0" encoding="utf-8"?>
2<manifest xmlns:android="http://schemas.android.com/apk/res/android"
3    package="com.omar.signlink"
4    android:hardwareAccelerated="true"
5    android:versionCode="10000"
6    android:versionName="1.0.0" >
7
8    <uses-sdk
9        android:minSdkVersion="24"
10        android:targetSdkVersion="36" />
11
12    <supports-screens
12-->src/main/AndroidManifest.xml:3:5-191
13        android:anyDensity="true"
13-->src/main/AndroidManifest.xml:3:23-48
14        android:largeScreens="true"
14-->src/main/AndroidManifest.xml:3:49-76
15        android:normalScreens="true"
15-->src/main/AndroidManifest.xml:3:77-105
16        android:resizeable="true"
16-->src/main/AndroidManifest.xml:3:106-131
17        android:smallScreens="true"
17-->src/main/AndroidManifest.xml:3:132-159
18        android:xlargeScreens="true" />
18-->src/main/AndroidManifest.xml:3:160-188
19
20    <uses-permission android:name="android.permission.INTERNET" />
20-->src/main/AndroidManifest.xml:4:5-67
20-->src/main/AndroidManifest.xml:4:22-64
21
22    <queries>
22-->src/main/AndroidManifest.xml:22:5-36:15
23        <intent>
23-->src/main/AndroidManifest.xml:23:9-25:18
24            <action android:name="android.media.action.IMAGE_CAPTURE" />
24-->src/main/AndroidManifest.xml:24:13-73
24-->src/main/AndroidManifest.xml:24:21-70
25        </intent>
26        <intent>
26-->src/main/AndroidManifest.xml:26:9-28:18
27            <action android:name="android.intent.action.GET_CONTENT" />
27-->src/main/AndroidManifest.xml:27:13-72
27-->src/main/AndroidManifest.xml:27:21-69
28        </intent>
29        <intent>
29-->src/main/AndroidManifest.xml:29:9-31:18
30            <action android:name="android.intent.action.PICK" />
30-->src/main/AndroidManifest.xml:30:13-65
30-->src/main/AndroidManifest.xml:30:21-62
31        </intent>
32        <intent>
32-->src/main/AndroidManifest.xml:32:9-35:18
33            <action android:name="com.android.camera.action.CROP" />
33-->src/main/AndroidManifest.xml:33:13-69
33-->src/main/AndroidManifest.xml:33:21-66
34
35            <data
35-->src/main/AndroidManifest.xml:34:13-73
36                android:mimeType="image/*"
36-->src/main/AndroidManifest.xml:34:19-45
37                android:scheme="content" />
37-->src/main/AndroidManifest.xml:34:46-70
38        </intent>
39    </queries>
40
41    <uses-permission android:name="android.permission.ACCESS_COARSE_LOCATION" />
41-->src/main/AndroidManifest.xml:37:5-81
41-->src/main/AndroidManifest.xml:37:22-78
42    <uses-permission android:name="android.permission.ACCESS_FINE_LOCATION" />
42-->src/main/AndroidManifest.xml:38:5-79
42-->src/main/AndroidManifest.xml:38:22-76
43
44    <uses-feature
44-->src/main/AndroidManifest.xml:39:5-90
45        android:name="android.hardware.location.gps"
45-->src/main/AndroidManifest.xml:39:19-63
46        android:required="true" />
46-->src/main/AndroidManifest.xml:39:64-87
47
48    <uses-permission android:name="android.permission.CAMERA" />
48-->src/main/AndroidManifest.xml:40:5-65
48-->src/main/AndroidManifest.xml:40:22-62
49    <uses-permission android:name="android.permission.RECORD_AUDIO" />
49-->src/main/AndroidManifest.xml:41:5-71
49-->src/main/AndroidManifest.xml:41:22-68
50    <uses-permission android:name="android.permission.ACCESS_FINE_LOCATION" />
50-->src/main/AndroidManifest.xml:38:5-79
50-->src/main/AndroidManifest.xml:38:22-76
51    <uses-permission android:name="android.permission.WRITE_EXTERNAL_STORAGE" />
51-->src/main/AndroidManifest.xml:43:5-81
51-->src/main/AndroidManifest.xml:43:22-78
52
53    <permission
53-->[androidx.core:core:1.13.0] AndroidManifest.xml:22:5-24:47
54        android:name="com.omar.signlink.DYNAMIC_RECEIVER_NOT_EXPORTED_PERMISSION"
54-->[androidx.core:core:1.13.0] AndroidManifest.xml:23:9-81
55        android:protectionLevel="signature" />
55-->[androidx.core:core:1.13.0] AndroidManifest.xml:24:9-44
56
57    <uses-permission android:name="com.omar.signlink.DYNAMIC_RECEIVER_NOT_EXPORTED_PERMISSION" />
57-->[androidx.core:core:1.13.0] AndroidManifest.xml:26:5-97
57-->[androidx.core:core:1.13.0] AndroidManifest.xml:26:22-94
58
59    <application
59-->src/main/AndroidManifest.xml:5:5-21:19
60        android:appComponentFactory="androidx.core.app.CoreComponentFactory"
60-->[androidx.core:core:1.13.0] AndroidManifest.xml:28:18-86
61        android:debuggable="true"
62        android:extractNativeLibs="false"
63        android:hardwareAccelerated="true"
63-->src/main/AndroidManifest.xml:5:18-52
64        android:icon="@mipmap/ic_launcher"
64-->src/main/AndroidManifest.xml:5:53-87
65        android:label="@string/app_name"
65-->src/main/AndroidManifest.xml:5:88-120
66        android:supportsRtl="true" >
66-->src/main/AndroidManifest.xml:5:121-147
67        <activity
67-->src/main/AndroidManifest.xml:6:9-11:20
68            android:name="com.omar.signlink.MainActivity"
68-->src/main/AndroidManifest.xml:6:240-267
69            android:configChanges="orientation|keyboardHidden|keyboard|screenSize|locale|smallestScreenSize|screenLayout|uiMode|navigation"
69-->src/main/AndroidManifest.xml:6:19-146
70            android:exported="true"
70-->src/main/AndroidManifest.xml:6:147-170
71            android:label="@string/activity_name"
71-->src/main/AndroidManifest.xml:6:171-208
72            android:launchMode="singleTop"
72-->src/main/AndroidManifest.xml:6:209-239
73            android:theme="@style/Theme.App.SplashScreen"
73-->src/main/AndroidManifest.xml:6:268-313
74            android:windowSoftInputMode="adjustResize" >
74-->src/main/AndroidManifest.xml:6:314-356
75            <intent-filter android:label="@string/launcher_name" >
75-->src/main/AndroidManifest.xml:7:13-10:29
75-->src/main/AndroidManifest.xml:7:28-65
76                <action android:name="android.intent.action.MAIN" />
76-->src/main/AndroidManifest.xml:8:17-69
76-->src/main/AndroidManifest.xml:8:25-66
77
78                <category android:name="android.intent.category.LAUNCHER" />
78-->src/main/AndroidManifest.xml:9:17-77
78-->src/main/AndroidManifest.xml:9:27-74
79            </intent-filter>
80        </activity>
81
82        <provider
83            android:name="androidx.core.content.FileProvider"
83-->src/main/AndroidManifest.xml:12:141-190
84            android:authorities="com.omar.signlink.cdv.core.file.provider"
84-->src/main/AndroidManifest.xml:12:19-80
85            android:exported="false"
85-->src/main/AndroidManifest.xml:12:81-105
86            android:grantUriPermissions="true" >
86-->src/main/AndroidManifest.xml:12:106-140
87            <meta-data
87-->src/main/AndroidManifest.xml:13:13-130
88                android:name="android.support.FILE_PROVIDER_PATHS"
88-->src/main/AndroidManifest.xml:13:24-74
89                android:resource="@xml/cdv_core_file_provider_paths" />
89-->src/main/AndroidManifest.xml:13:75-127
90        </provider>
91        <provider
92            android:name="org.apache.cordova.camera.FileProvider"
92-->src/main/AndroidManifest.xml:15:149-202
93            android:authorities="com.omar.signlink.cordova.plugin.camera.provider"
93-->src/main/AndroidManifest.xml:15:19-88
94            android:exported="false"
94-->src/main/AndroidManifest.xml:15:89-113
95            android:grantUriPermissions="true" >
95-->src/main/AndroidManifest.xml:15:114-148
96            <meta-data
96-->src/main/AndroidManifest.xml:13:13-130
97                android:name="android.support.FILE_PROVIDER_PATHS"
97-->src/main/AndroidManifest.xml:13:24-74
98                android:resource="@xml/camera_provider_paths" />
98-->src/main/AndroidManifest.xml:13:75-127
99        </provider>
100        <provider
101            android:name="org.apache.cordova.mediacapture.FileProvider"
101-->src/main/AndroidManifest.xml:18:155-214
102            android:authorities="com.omar.signlink.cordova.plugin.mediacapture.provider"
102-->src/main/AndroidManifest.xml:18:19-94
103            android:exported="false"
103-->src/main/AndroidManifest.xml:18:95-119
104            android:grantUriPermissions="true" >
104-->src/main/AndroidManifest.xml:18:120-154
105            <meta-data
105-->src/main/AndroidManifest.xml:13:13-130
106                android:name="android.support.FILE_PROVIDER_PATHS"
106-->src/main/AndroidManifest.xml:13:24-74
107                android:resource="@xml/mediacapture_provider_paths" />
107-->src/main/AndroidManifest.xml:13:75-127
108        </provider>
109        <provider
109-->[androidx.emoji2:emoji2:1.3.0] AndroidManifest.xml:24:9-32:20
110            android:name="androidx.startup.InitializationProvider"
110-->[androidx.emoji2:emoji2:1.3.0] AndroidManifest.xml:25:13-67
111            android:authorities="com.omar.signlink.androidx-startup"
111-->[androidx.emoji2:emoji2:1.3.0] AndroidManifest.xml:26:13-68
112            android:exported="false" >
112-->[androidx.emoji2:emoji2:1.3.0] AndroidManifest.xml:27:13-37
113            <meta-data
113-->[androidx.emoji2:emoji2:1.3.0] AndroidManifest.xml:29:13-31:52
114                android:name="androidx.emoji2.text.EmojiCompatInitializer"
114-->[androidx.emoji2:emoji2:1.3.0] AndroidManifest.xml:30:17-75
115                android:value="androidx.startup" />
115-->[androidx.emoji2:emoji2:1.3.0] AndroidManifest.xml:31:17-49
116            <meta-data
116-->[androidx.lifecycle:lifecycle-process:2.6.2] AndroidManifest.xml:29:13-31:52
117                android:name="androidx.lifecycle.ProcessLifecycleInitializer"
117-->[androidx.lifecycle:lifecycle-process:2.6.2] AndroidManifest.xml:30:17-78
118                android:value="androidx.startup" />
118-->[androidx.lifecycle:lifecycle-process:2.6.2] AndroidManifest.xml:31:17-49
119            <meta-data
119-->[androidx.profileinstaller:profileinstaller:1.3.1] AndroidManifest.xml:29:13-31:52
120                android:name="androidx.profileinstaller.ProfileInstallerInitializer"
120-->[androidx.profileinstaller:profileinstaller:1.3.1] AndroidManifest.xml:30:17-85
121                android:value="androidx.startup" />
121-->[androidx.profileinstaller:profileinstaller:1.3.1] AndroidManifest.xml:31:17-49
122        </provider>
123
124        <receiver
124-->[androidx.profileinstaller:profileinstaller:1.3.1] AndroidManifest.xml:34:9-52:20
125            android:name="androidx.profileinstaller.ProfileInstallReceiver"
125-->[androidx.profileinstaller:profileinstaller:1.3.1] AndroidManifest.xml:35:13-76
126            android:directBootAware="false"
126-->[androidx.profileinstaller:profileinstaller:1.3.1] AndroidManifest.xml:36:13-44
127            android:enabled="true"
127-->[androidx.profileinstaller:profileinstaller:1.3.1] AndroidManifest.xml:37:13-35
128            android:exported="true"
128-->[androidx.profileinstaller:profileinstaller:1.3.1] AndroidManifest.xml:38:13-36
129            android:permission="android.permission.DUMP" >
129-->[androidx.profileinstaller:profileinstaller:1.3.1] AndroidManifest.xml:39:13-57
130            <intent-filter>
130-->[androidx.profileinstaller:profileinstaller:1.3.1] AndroidManifest.xml:40:13-42:29
131                <action android:name="androidx.profileinstaller.action.INSTALL_PROFILE" />
131-->[androidx.profileinstaller:profileinstaller:1.3.1] AndroidManifest.xml:41:17-91
131-->[androidx.profileinstaller:profileinstaller:1.3.1] AndroidManifest.xml:41:25-88
132            </intent-filter>
133            <intent-filter>
133-->[androidx.profileinstaller:profileinstaller:1.3.1] AndroidManifest.xml:43:13-45:29
134                <action android:name="androidx.profileinstaller.action.SKIP_FILE" />
134-->[androidx.profileinstaller:profileinstaller:1.3.1] AndroidManifest.xml:44:17-85
134-->[androidx.profileinstaller:profileinstaller:1.3.1] AndroidManifest.xml:44:25-82
135            </intent-filter>
136            <intent-filter>
136-->[androidx.profileinstaller:profileinstaller:1.3.1] AndroidManifest.xml:46:13-48:29
137                <action android:name="androidx.profileinstaller.action.SAVE_PROFILE" />
137-->[androidx.profileinstaller:profileinstaller:1.3.1] AndroidManifest.xml:47:17-88
137-->[androidx.profileinstaller:profileinstaller:1.3.1] AndroidManifest.xml:47:25-85
138            </intent-filter>
139            <intent-filter>
139-->[androidx.profileinstaller:profileinstaller:1.3.1] AndroidManifest.xml:49:13-51:29
140                <action android:name="androidx.profileinstaller.action.BENCHMARK_OPERATION" />
140-->[androidx.profileinstaller:profileinstaller:1.3.1] AndroidManifest.xml:50:17-95
140-->[androidx.profileinstaller:profileinstaller:1.3.1] AndroidManifest.xml:50:25-92
141            </intent-filter>
142        </receiver>
143    </application>
144
145</manifest>